Using pre-set license
Built from '2020.3/staging' branch; Version is '2020.3.14f1 (d0d1bb862f9d) revision 13685179'; Using compiler version '192528614'; Build Type 'Release'
OS: 'Windows 10 Pro; OS build 22504.1010; Version 2009; 64bit' Language: 'en' Physical Memory: 16249 MB
BatchMode: 1, IsHumanControllingUs: 0, StartBugReporterOnCrash: 0, Is64bit: 1, IsPro: 0

 COMMAND LINE ARGUMENTS:
E:\Program Files\unity\2020.3.14f1\Editor\Unity.exe
-adb2
-batchMode
-noUpm
-name
AssetImportWorker37
-projectPath
E:/flutter tuto/Unity Projects/Zombie_Hunt
-logFile
Logs/AssetImportWorker37.log
-srvPort
3843
Successfully changed project path to: E:/flutter tuto/Unity Projects/Zombie_Hunt
E:/flutter tuto/Unity Projects/Zombie_Hunt
Using Asset Import Pipeline V2.
Refreshing native plugins compatible for Editor in 51.81 ms, found 2 plugins.
Preloading 0 native plugins for Editor in 0.00 ms.
Initialize engine version: 2020.3.14f1 (d0d1bb862f9d)
[Subsystems] Discovering subsystems at path E:/Program Files/unity/2020.3.14f1/Editor/Data/Resources/UnitySubsystems
[Subsystems] Discovering subsystems at path E:/flutter tuto/Unity Projects/Zombie_Hunt/Assets
GfxDevice: creating device client; threaded=0
Direct3D:
    Version:  Direct3D 11.0 [level 11.1]
    Renderer: NVIDIA GeForce GTX 1060 6GB (ID=0x1c03)
    Vendor:   
    VRAM:     6052 MB
    Driver:   30.0.15.1031
Initialize mono
Mono path[0] = 'E:/Program Files/unity/2020.3.14f1/Editor/Data/Managed'
Mono path[1] = 'E:/Program Files/unity/2020.3.14f1/Editor/Data/MonoBleedingEdge/lib/mono/unityjit'
Mono config path = 'E:/Program Files/unity/2020.3.14f1/Editor/Data/MonoBleedingEdge/etc'
Using monoOptions --debugger-agent=transport=dt_socket,embedding=1,server=y,suspend=n,address=127.0.0.1:56352
Begin MonoManager ReloadAssembly
Registering precompiled unity dll's ...
Register platform support module: E:/Program Files/unity/2020.3.14f1/Editor/Data/PlaybackEngines/WindowsStandaloneSupport/UnityEditor.WindowsStandalone.Extensions.dll
Registered in 0.001345 seconds.
Native extension for WindowsStandalone target not found
Refreshing native plugins compatible for Editor in 48.20 ms, found 2 plugins.
Preloading 0 native plugins for Editor in 0.00 ms.
Mono: successfully reloaded assembly
- Completed reload, in  7.447 seconds
Domain Reload Profiling:
	ReloadAssembly (7447ms)
		BeginReloadAssembly (167ms)
			ExecutionOrderSort (0ms)
			DisableScriptedObjects (0ms)
			BackupInstance (0ms)
			ReleaseScriptingObjects (0ms)
			CreateAndSetChildDomain (7ms)
		EndReloadAssembly (718ms)
			LoadAssemblies (157ms)
			RebuildTransferFunctionScriptingTraits (0ms)
			SetupTypeCache (278ms)
			ReleaseScriptCaches (0ms)
			RebuildScriptCaches (44ms)
			SetupLoadedEditorAssemblies (242ms)
				LogAssemblyErrors (0ms)
				InitializePlatformSupportModulesInManaged (6ms)
				SetLoadedEditorAssemblies (0ms)
				RefreshPlugins (48ms)
				BeforeProcessingInitializeOnLoad (20ms)
				ProcessInitializeOnLoadAttributes (124ms)
				ProcessInitializeOnLoadMethodAttributes (43ms)
				AfterProcessingInitializeOnLoad (0ms)
				EditorAssembliesLoaded (0ms)
			ExecutionOrderSort2 (0ms)
			AwakeInstancesAfterBackupRestoration (0ms)
Platform modules already initialized, skipping
Registering precompiled user dll's ...
Registered in 0.006507 seconds.
Begin MonoManager ReloadAssembly
Native extension for WindowsStandalone target not found
Refreshing native plugins compatible for Editor in 0.76 ms, found 2 plugins.
Preloading 0 native plugins for Editor in 0.00 ms.
Mono: successfully reloaded assembly
- Completed reload, in  2.080 seconds
Domain Reload Profiling:
	ReloadAssembly (2081ms)
		BeginReloadAssembly (212ms)
			ExecutionOrderSort (0ms)
			DisableScriptedObjects (7ms)
			BackupInstance (0ms)
			ReleaseScriptingObjects (0ms)
			CreateAndSetChildDomain (26ms)
		EndReloadAssembly (1683ms)
			LoadAssemblies (165ms)
			RebuildTransferFunctionScriptingTraits (0ms)
			SetupTypeCache (631ms)
			ReleaseScriptCaches (0ms)
			RebuildScriptCaches (150ms)
			SetupLoadedEditorAssemblies (476ms)
				LogAssemblyErrors (0ms)
				InitializePlatformSupportModulesInManaged (8ms)
				SetLoadedEditorAssemblies (1ms)
				RefreshPlugins (1ms)
				BeforeProcessingInitializeOnLoad (136ms)
				ProcessInitializeOnLoadAttributes (322ms)
				ProcessInitializeOnLoadMethodAttributes (6ms)
				AfterProcessingInitializeOnLoad (2ms)
				EditorAssembliesLoaded (0ms)
			ExecutionOrderSort2 (0ms)
			AwakeInstancesAfterBackupRestoration (9ms)
Platform modules already initialized, skipping
========================================================================
Worker process is ready to serve import requests
Launched and connected shader compiler UnityShaderCompiler.exe after 0.16 seconds
Refreshing native plugins compatible for Editor in 0.39 ms, found 2 plugins.
Preloading 0 native plugins for Editor in 0.00 ms.
Unloading 1400 Unused Serialized files (Serialized files now loaded: 0)
System memory in use before: 80.8 MB.
System memory in use after: 80.9 MB.

Unloading 19 unused Assets to reduce memory usage. Loaded Objects now: 1855.
Total: 2.343600 ms (FindLiveObjects: 0.156900 ms CreateObjectMapping: 0.053000 ms MarkObjects: 1.996300 ms  DeleteObjects: 0.135800 ms)

AssetImportParameters requested are different than current active one (requested -> active):
  custom:framework-win-MediaFoundation: 216162199b28c13a410421893ffa2e32 -> 
  custom:video-decoder-ogg-theora: a1e56fd34408186e4bbccfd4996cb3dc -> 
  custom:container-muxer-webm: aa71ff27fc2769a1b78a27578f13a17b -> 
  custom:container-demuxer-webm: 4f35f7cbe854078d1ac9338744f61a02 -> 
  custom:container-demuxer-ogg: 62fdf1f143b41e24485cea50d1cbac27 -> 
  custom:video-encoder-webm-vp8: eb34c28f22e8b96e1ab97ce403110664 -> 
  custom:video-decoder-webm-vp8: 9c59270c3fd7afecdb556c50c9e8de78 -> 
  custom:audio-decoder-ogg-vorbis: bf7c407c2cedff20999df2af8eb42d56 -> 
  custom:audio-encoder-webm-vorbis: bf7c407c2cedff20999df2af8eb42d56 -> 
========================================================================
Received Import Request.
  path: Assets/Level2/Interiors/LandTexture/Land2
  artifactKey: Guid(5950b379a39f3d04c9e2e40899caf17c) Importer(815301076,1909f56bfc062723c751e8b465ee728b)
Start importing Assets/Level2/Interiors/LandTexture/Land2 using Guid(5950b379a39f3d04c9e2e40899caf17c) Importer(815301076,1909f56bfc062723c751e8b465ee728b)  -> (artifact id: 'a9d56715e2e097a9cdb20d21465910ac') in 0.016048 seconds 
  Import took 0.047883 seconds .

========================================================================
Received Import Request.
  Time since last request: 23.982566 seconds.
  path: Assets/Level2/Interiors/LandTexture/rocks_ground_02_col_1k.jpg
  artifactKey: Guid(db4c0bc5a1f2dc248bcefe93db8e81ce) Importer(815301076,1909f56bfc062723c751e8b465ee728b)
Start importing Assets/Level2/Interiors/LandTexture/rocks_ground_02_col_1k.jpg using Guid(db4c0bc5a1f2dc248bcefe93db8e81ce) Importer(815301076,1909f56bfc062723c751e8b465ee728b)  -> (artifact id: '6770fa1486e15fd8ef263b1bf363a5e7') in 0.209010 seconds 
  Import took 0.225101 seconds .

========================================================================
Received Import Request.
  Time since last request: 0.000437 seconds.
  path: Assets/Level2/Interiors/LandTexture/rocks_ground_02_nor_dx_1k.jpg
  artifactKey: Guid(4fa4013279d9c4740af5d69b79d497a8) Importer(815301076,1909f56bfc062723c751e8b465ee728b)
Start importing Assets/Level2/Interiors/LandTexture/rocks_ground_02_nor_dx_1k.jpg using Guid(4fa4013279d9c4740af5d69b79d497a8) Importer(815301076,1909f56bfc062723c751e8b465ee728b)  -> (artifact id: '30c85697c6ff164040eb51418999ebe0') in 0.089497 seconds 
  Import took 0.109913 seconds .

========================================================================
Received Import Request.
  Time since last request: 0.000239 seconds.
  path: Assets/Level2/Interiors/LandTexture/rocks_ground_02_col_1k.jpg
  artifactKey: Guid(db4c0bc5a1f2dc248bcefe93db8e81ce) Importer(815301076,1909f56bfc062723c751e8b465ee728b)
Start importing Assets/Level2/Interiors/LandTexture/rocks_ground_02_col_1k.jpg using Guid(db4c0bc5a1f2dc248bcefe93db8e81ce) Importer(815301076,1909f56bfc062723c751e8b465ee728b)  -> (artifact id: '6770fa1486e15fd8ef263b1bf363a5e7') in 0.017034 seconds 
  Import took 0.020112 seconds .

========================================================================
Received Import Request.
  Time since last request: 0.000247 seconds.
  path: Assets/Level2/Interiors/LandTexture/rocks_ground_02_nor_dx_1k.jpg
  artifactKey: Guid(4fa4013279d9c4740af5d69b79d497a8) Importer(815301076,1909f56bfc062723c751e8b465ee728b)
Start importing Assets/Level2/Interiors/LandTexture/rocks_ground_02_nor_dx_1k.jpg using Guid(4fa4013279d9c4740af5d69b79d497a8) Importer(815301076,1909f56bfc062723c751e8b465ee728b)  -> (artifact id: '30c85697c6ff164040eb51418999ebe0') in 0.026212 seconds 
  Import took 0.029152 seconds .

========================================================================
Received Import Request.
  Time since last request: 92.661164 seconds.
  path: Assets/Level2/Interiors/LandTexture/Land2/rocks_ground_03_diff_1k.jpg
  artifactKey: Guid(97acbbeee0ab53f4d8d3a72fe714201f) Importer(815301076,1909f56bfc062723c751e8b465ee728b)
Start importing Assets/Level2/Interiors/LandTexture/Land2/rocks_ground_03_diff_1k.jpg using Guid(97acbbeee0ab53f4d8d3a72fe714201f) Importer(815301076,1909f56bfc062723c751e8b465ee728b)  -> (artifact id: '9b6a895b8f42c01fa3c60f3e6635f538') in 0.017399 seconds 
  Import took 0.112317 seconds .

========================================================================
Received Import Request.
  Time since last request: 0.015071 seconds.
  path: Assets/Level2/Interiors/LandTexture/Land2/rocks_ground_03_diff_1k.jpg
  artifactKey: Guid(97acbbeee0ab53f4d8d3a72fe714201f) Importer(815301076,1909f56bfc062723c751e8b465ee728b)
Start importing Assets/Level2/Interiors/LandTexture/Land2/rocks_ground_03_diff_1k.jpg using Guid(97acbbeee0ab53f4d8d3a72fe714201f) Importer(815301076,1909f56bfc062723c751e8b465ee728b)  -> (artifact id: '9b6a895b8f42c01fa3c60f3e6635f538') in 0.044555 seconds 
  Import took 0.048398 seconds .

========================================================================
Received Import Request.
  Time since last request: 15.556040 seconds.
  path: Assets/Level2/Interiors/LandTexture/Land2/rocks_ground_03_nor_dx_1k.jpg
  artifactKey: Guid(b85c297ef5787ba44a3f120138992c62) Importer(815301076,1909f56bfc062723c751e8b465ee728b)
Start importing Assets/Level2/Interiors/LandTexture/Land2/rocks_ground_03_nor_dx_1k.jpg using Guid(b85c297ef5787ba44a3f120138992c62) Importer(815301076,1909f56bfc062723c751e8b465ee728b)  -> (artifact id: 'ab43d956f1ba9a9e80b68448f96388a9') in 0.023496 seconds 
  Import took 0.045863 seconds .

========================================================================
Received Import Request.
  Time since last request: 0.002929 seconds.
  path: Assets/Level2/Interiors/LandTexture/Land2/rocks_ground_03_nor_dx_1k.jpg
  artifactKey: Guid(b85c297ef5787ba44a3f120138992c62) Importer(815301076,1909f56bfc062723c751e8b465ee728b)
Start importing Assets/Level2/Interiors/LandTexture/Land2/rocks_ground_03_nor_dx_1k.jpg using Guid(b85c297ef5787ba44a3f120138992c62) Importer(815301076,1909f56bfc062723c751e8b465ee728b)  -> (artifact id: 'ab43d956f1ba9a9e80b68448f96388a9') in 0.028372 seconds 
  Import took 0.031784 seconds .

========================================================================
Received Import Request.
  Time since last request: 2.731131 seconds.
  path: Assets/Level2/Interiors/LandTexture/Land2/rocks_ground_03_nor_gl_1k.jpg
  artifactKey: Guid(1ae5868d729f9574ca5fa153f00c45cd) Importer(815301076,1909f56bfc062723c751e8b465ee728b)
Start importing Assets/Level2/Interiors/LandTexture/Land2/rocks_ground_03_nor_gl_1k.jpg using Guid(1ae5868d729f9574ca5fa153f00c45cd) Importer(815301076,1909f56bfc062723c751e8b465ee728b)  -> (artifact id: '4530fd786b894c557342871f6ffd5fa9') in 0.044746 seconds 
  Import took 0.070508 seconds .

========================================================================
Received Import Request.
  Time since last request: 0.004109 seconds.
  path: Assets/Level2/Interiors/LandTexture/Land2/rocks_ground_03_nor_gl_1k.jpg
  artifactKey: Guid(1ae5868d729f9574ca5fa153f00c45cd) Importer(815301076,1909f56bfc062723c751e8b465ee728b)
Start importing Assets/Level2/Interiors/LandTexture/Land2/rocks_ground_03_nor_gl_1k.jpg using Guid(1ae5868d729f9574ca5fa153f00c45cd) Importer(815301076,1909f56bfc062723c751e8b465ee728b)  -> (artifact id: '4530fd786b894c557342871f6ffd5fa9') in 0.028854 seconds 
  Import took 0.047193 seconds .

========================================================================
Received Import Request.
  Time since last request: 642.993497 seconds.
  path: Assets/Level2/Interiors/LandTexture/Land2/rockLayer2.terrainlayer
  artifactKey: Guid(b520164521efd8544b4ecdac2bc08d76) Importer(815301076,1909f56bfc062723c751e8b465ee728b)
Start importing Assets/Level2/Interiors/LandTexture/Land2/rockLayer2.terrainlayer using Guid(b520164521efd8544b4ecdac2bc08d76) Importer(815301076,1909f56bfc062723c751e8b465ee728b)  -> (artifact id: 'f4f0e9f2403d61e343b844f36ce779e3') in 0.185480 seconds 
  Import took 0.200602 seconds .

