Using pre-set license
Built from '2020.3/staging' branch; Version is '2020.3.14f1 (d0d1bb862f9d) revision 13685179'; Using compiler version '192528614'; Build Type 'Release'
OS: 'Windows 10 Pro; OS build 22504.1010; Version 2009; 64bit' Language: 'en' Physical Memory: 16249 MB
BatchMode: 1, IsHumanControllingUs: 0, StartBugReporterOnCrash: 0, Is64bit: 1, IsPro: 0

 COMMAND LINE ARGUMENTS:
E:\Program Files\unity\2020.3.14f1\Editor\Unity.exe
-adb2
-batchMode
-noUpm
-name
AssetImportWorker0
-projectPath
E:/flutter tuto/Unity Projects/Zombie_Hunt
-logFile
Logs/AssetImportWorker0.log
-srvPort
3357
Successfully changed project path to: E:/flutter tuto/Unity Projects/Zombie_Hunt
E:/flutter tuto/Unity Projects/Zombie_Hunt
Using Asset Import Pipeline V2.
Refreshing native plugins compatible for Editor in 46.00 ms, found 2 plugins.
Preloading 0 native plugins for Editor in 0.00 ms.
Initialize engine version: 2020.3.14f1 (d0d1bb862f9d)
[Subsystems] Discovering subsystems at path E:/Program Files/unity/2020.3.14f1/Editor/Data/Resources/UnitySubsystems
[Subsystems] Discovering subsystems at path E:/flutter tuto/Unity Projects/Zombie_Hunt/Assets
GfxDevice: creating device client; threaded=0
Direct3D:
    Version:  Direct3D 11.0 [level 11.1]
    Renderer: NVIDIA GeForce GTX 1060 6GB (ID=0x1c03)
    Vendor:   
    VRAM:     6052 MB
    Driver:   30.0.15.1031
Initialize mono
Mono path[0] = 'E:/Program Files/unity/2020.3.14f1/Editor/Data/Managed'
Mono path[1] = 'E:/Program Files/unity/2020.3.14f1/Editor/Data/MonoBleedingEdge/lib/mono/unityjit'
Mono config path = 'E:/Program Files/unity/2020.3.14f1/Editor/Data/MonoBleedingEdge/etc'
Using monoOptions --debugger-agent=transport=dt_socket,embedding=1,server=y,suspend=n,address=127.0.0.1:56184
Begin MonoManager ReloadAssembly
Registering precompiled unity dll's ...
Register platform support module: E:/Program Files/unity/2020.3.14f1/Editor/Data/PlaybackEngines/WindowsStandaloneSupport/UnityEditor.WindowsStandalone.Extensions.dll
Registered in 0.001172 seconds.
Native extension for WindowsStandalone target not found
Refreshing native plugins compatible for Editor in 40.31 ms, found 2 plugins.
Preloading 0 native plugins for Editor in 0.00 ms.
Mono: successfully reloaded assembly
- Completed reload, in  4.530 seconds
Domain Reload Profiling:
	ReloadAssembly (4530ms)
		BeginReloadAssembly (306ms)
			ExecutionOrderSort (0ms)
			DisableScriptedObjects (0ms)
			BackupInstance (0ms)
			ReleaseScriptingObjects (0ms)
			CreateAndSetChildDomain (1ms)
		EndReloadAssembly (510ms)
			LoadAssemblies (306ms)
			RebuildTransferFunctionScriptingTraits (0ms)
			SetupTypeCache (191ms)
			ReleaseScriptCaches (0ms)
			RebuildScriptCaches (40ms)
			SetupLoadedEditorAssemblies (197ms)
				LogAssemblyErrors (0ms)
				InitializePlatformSupportModulesInManaged (4ms)
				SetLoadedEditorAssemblies (0ms)
				RefreshPlugins (40ms)
				BeforeProcessingInitializeOnLoad (17ms)
				ProcessInitializeOnLoadAttributes (99ms)
				ProcessInitializeOnLoadMethodAttributes (36ms)
				AfterProcessingInitializeOnLoad (0ms)
				EditorAssembliesLoaded (0ms)
			ExecutionOrderSort2 (0ms)
			AwakeInstancesAfterBackupRestoration (0ms)
Platform modules already initialized, skipping
Registering precompiled user dll's ...
Registered in 0.003944 seconds.
Begin MonoManager ReloadAssembly
Native extension for WindowsStandalone target not found
Refreshing native plugins compatible for Editor in 0.36 ms, found 2 plugins.
Preloading 0 native plugins for Editor in 0.00 ms.
Mono: successfully reloaded assembly
- Completed reload, in  1.348 seconds
Domain Reload Profiling:
	ReloadAssembly (1349ms)
		BeginReloadAssembly (247ms)
			ExecutionOrderSort (0ms)
			DisableScriptedObjects (6ms)
			BackupInstance (0ms)
			ReleaseScriptingObjects (0ms)
			CreateAndSetChildDomain (25ms)
		EndReloadAssembly (1029ms)
			LoadAssemblies (135ms)
			RebuildTransferFunctionScriptingTraits (0ms)
			SetupTypeCache (385ms)
			ReleaseScriptCaches (1ms)
			RebuildScriptCaches (55ms)
			SetupLoadedEditorAssemblies (353ms)
				LogAssemblyErrors (0ms)
				InitializePlatformSupportModulesInManaged (6ms)
				SetLoadedEditorAssemblies (0ms)
				RefreshPlugins (0ms)
				BeforeProcessingInitializeOnLoad (99ms)
				ProcessInitializeOnLoadAttributes (241ms)
				ProcessInitializeOnLoadMethodAttributes (4ms)
				AfterProcessingInitializeOnLoad (2ms)
				EditorAssembliesLoaded (0ms)
			ExecutionOrderSort2 (0ms)
			AwakeInstancesAfterBackupRestoration (8ms)
Platform modules already initialized, skipping
========================================================================
Worker process is ready to serve import requests
Launched and connected shader compiler UnityShaderCompiler.exe after 0.09 seconds
Refreshing native plugins compatible for Editor in 0.45 ms, found 2 plugins.
Preloading 0 native plugins for Editor in 0.00 ms.
Unloading 1400 Unused Serialized files (Serialized files now loaded: 0)
System memory in use before: 68.6 MB.
System memory in use after: 68.6 MB.

Unloading 19 unused Assets to reduce memory usage. Loaded Objects now: 1837.
Total: 3.726400 ms (FindLiveObjects: 0.438400 ms CreateObjectMapping: 0.066800 ms MarkObjects: 2.996000 ms  DeleteObjects: 0.223100 ms)

AssetImportParameters requested are different than current active one (requested -> active):
  custom:framework-win-MediaFoundation: 216162199b28c13a410421893ffa2e32 -> 
  custom:video-decoder-ogg-theora: a1e56fd34408186e4bbccfd4996cb3dc -> 
  custom:container-muxer-webm: aa71ff27fc2769a1b78a27578f13a17b -> 
  custom:container-demuxer-webm: 4f35f7cbe854078d1ac9338744f61a02 -> 
  custom:container-demuxer-ogg: 62fdf1f143b41e24485cea50d1cbac27 -> 
  custom:video-encoder-webm-vp8: eb34c28f22e8b96e1ab97ce403110664 -> 
  custom:video-decoder-webm-vp8: 9c59270c3fd7afecdb556c50c9e8de78 -> 
  custom:audio-decoder-ogg-vorbis: bf7c407c2cedff20999df2af8eb42d56 -> 
  custom:audio-encoder-webm-vorbis: bf7c407c2cedff20999df2af8eb42d56 -> 
========================================================================
Received Import Request.
  path: Assets/Scenes/level2.unity
  artifactKey: Guid(9843e46c0c64b824bbe9fbe2d39c7d1b) Importer(815301076,1909f56bfc062723c751e8b465ee728b)
Start importing Assets/Scenes/level2.unity using Guid(9843e46c0c64b824bbe9fbe2d39c7d1b) Importer(815301076,1909f56bfc062723c751e8b465ee728b)  -> (artifact id: 'cbf5a01300cabe3e7a1cd51d071bf6c5') in 0.095636 seconds 
  Import took 0.186331 seconds .

========================================================================
Received Import Request.
  Time since last request: 103.768086 seconds.
  path: Assets/Level2/Interiors/combined.fbx
  artifactKey: Guid(7980e99c72c0d7d4fbba1e4cdcecb21d) Importer(815301076,1909f56bfc062723c751e8b465ee728b)
Start importing Assets/Level2/Interiors/combined.fbx using Guid(7980e99c72c0d7d4fbba1e4cdcecb21d) Importer(815301076,1909f56bfc062723c751e8b465ee728b)  -> (artifact id: '1287858e552f99e41215be7255c0e466') in 0.149022 seconds 
  Import took 0.184859 seconds .

========================================================================
Received Import Request.
  Time since last request: 6.188006 seconds.
  path: Assets/Level2/Interiors/MAP2.fbx
  artifactKey: Guid(7980e99c72c0d7d4fbba1e4cdcecb21d) Importer(815301076,1909f56bfc062723c751e8b465ee728b)
Start importing Assets/Level2/Interiors/MAP2.fbx using Guid(7980e99c72c0d7d4fbba1e4cdcecb21d) Importer(815301076,1909f56bfc062723c751e8b465ee728b)  -> (artifact id: 'd45cb5ea99a3fa23499a392f145d9352') in 0.022591 seconds 
  Import took 0.068052 seconds .

========================================================================
Received Import Request.
  Time since last request: 56.314316 seconds.
  path: Assets/Level2/Interiors/combined.fbx
  artifactKey: Guid(7980e99c72c0d7d4fbba1e4cdcecb21d) Importer(815301076,1909f56bfc062723c751e8b465ee728b)
Start importing Assets/Level2/Interiors/combined.fbx using Guid(7980e99c72c0d7d4fbba1e4cdcecb21d) Importer(815301076,1909f56bfc062723c751e8b465ee728b)  -> (artifact id: 'e2d675d96c60ca14528c5757e5e01ce2') in 0.015366 seconds 
  Import took 0.052745 seconds .

========================================================================
Received Import Request.
  Time since last request: 68.417276 seconds.
  path: Assets/Level2/Interiors/combined.fbx
  artifactKey: Guid(7980e99c72c0d7d4fbba1e4cdcecb21d) Importer(815301076,1909f56bfc062723c751e8b465ee728b)
Start importing Assets/Level2/Interiors/combined.fbx using Guid(7980e99c72c0d7d4fbba1e4cdcecb21d) Importer(815301076,1909f56bfc062723c751e8b465ee728b)  -> (artifact id: '627831b7f2bf3a8d4caffdd8c34fe2ae') in 0.011133 seconds 
  Import took 0.041891 seconds .

========================================================================
Received Import Request.
  Time since last request: 0.007686 seconds.
  path: Assets/Level2/Interiors/combined.fbx
  artifactKey: Guid(7980e99c72c0d7d4fbba1e4cdcecb21d) Importer(815301076,1909f56bfc062723c751e8b465ee728b)
Start importing Assets/Level2/Interiors/combined.fbx using Guid(7980e99c72c0d7d4fbba1e4cdcecb21d) Importer(815301076,1909f56bfc062723c751e8b465ee728b)  -> (artifact id: '627831b7f2bf3a8d4caffdd8c34fe2ae') in 0.009044 seconds 
  Import took 0.018241 seconds .

========================================================================
Received Import Request.
  Time since last request: 261.155447 seconds.
  path: Assets/Level2/Interiors/combined.obj
  artifactKey: Guid(ea5910ab2543d8e4081b21e48f723ca7) Importer(815301076,1909f56bfc062723c751e8b465ee728b)
Start importing Assets/Level2/Interiors/combined.obj using Guid(ea5910ab2543d8e4081b21e48f723ca7) Importer(815301076,1909f56bfc062723c751e8b465ee728b)  -> (artifact id: '922a69f89021fcee8346928af2128273') in 0.581648 seconds 
  Import took 0.607421 seconds .

========================================================================
Received Import Request.
  Time since last request: 291.108328 seconds.
  path: Assets/Level2/Interiors/terrainhighway.fbx
  artifactKey: Guid(5fa507b4af4b53c45a4df16e9b1d757e) Importer(815301076,1909f56bfc062723c751e8b465ee728b)
Start importing Assets/Level2/Interiors/terrainhighway.fbx using Guid(5fa507b4af4b53c45a4df16e9b1d757e) Importer(815301076,1909f56bfc062723c751e8b465ee728b)  -> (artifact id: '9f370ebcc485e231c60b1eedff76e92d') in 0.134000 seconds 
  Import took 0.166184 seconds .

========================================================================
Received Import Request.
  Time since last request: 9.317057 seconds.
  path: Assets/Level2/Interiors/terrainhighway
  artifactKey: Guid(d3e7629a612c99248be5505f5e13330c) Importer(815301076,1909f56bfc062723c751e8b465ee728b)
Start importing Assets/Level2/Interiors/terrainhighway using Guid(d3e7629a612c99248be5505f5e13330c) Importer(815301076,1909f56bfc062723c751e8b465ee728b)  -> (artifact id: 'fd3c0791a8c4b9f2da0ef48a8d187b0f') in 0.019813 seconds 
  Import took 0.030963 seconds .

========================================================================
Received Import Request.
  Time since last request: 66.245291 seconds.
  path: Assets/Level2/Interiors/highway/terrainhighway.fbx
  artifactKey: Guid(5fa507b4af4b53c45a4df16e9b1d757e) Importer(815301076,1909f56bfc062723c751e8b465ee728b)
Start importing Assets/Level2/Interiors/highway/terrainhighway.fbx using Guid(5fa507b4af4b53c45a4df16e9b1d757e) Importer(815301076,1909f56bfc062723c751e8b465ee728b)  -> (artifact id: '7954a0415be48e30e143fbe39d27a541') in 0.159092 seconds 
  Import took 0.182623 seconds .

========================================================================
Received Import Request.
  Time since last request: 16.127498 seconds.
  path: Assets/Level2/Interiors/highway/terrainhighway.fbx
  artifactKey: Guid(5fa507b4af4b53c45a4df16e9b1d757e) Importer(815301076,1909f56bfc062723c751e8b465ee728b)
Start importing Assets/Level2/Interiors/highway/terrainhighway.fbx using Guid(5fa507b4af4b53c45a4df16e9b1d757e) Importer(815301076,1909f56bfc062723c751e8b465ee728b)  -> (artifact id: '473ff320b21b5a1714682434438c6494') in 0.126112 seconds 
  Import took 0.152693 seconds .

========================================================================
Received Import Request.
  Time since last request: 30.869949 seconds.
  path: Assets/Level2/Interiors/highway/terrainhighway.fbx
  artifactKey: Guid(5fa507b4af4b53c45a4df16e9b1d757e) Importer(815301076,1909f56bfc062723c751e8b465ee728b)
Start importing Assets/Level2/Interiors/highway/terrainhighway.fbx using Guid(5fa507b4af4b53c45a4df16e9b1d757e) Importer(815301076,1909f56bfc062723c751e8b465ee728b)  -> (artifact id: 'f1168d9e639d3478fe07d39846dd6f57') in 0.085116 seconds 
  Import took 0.115425 seconds .

========================================================================
Received Import Request.
  Time since last request: 11.244560 seconds.
  path: Assets/Level2/Interiors/highway/terrainhighway.fbx
  artifactKey: Guid(5fa507b4af4b53c45a4df16e9b1d757e) Importer(815301076,1909f56bfc062723c751e8b465ee728b)
Start importing Assets/Level2/Interiors/highway/terrainhighway.fbx using Guid(5fa507b4af4b53c45a4df16e9b1d757e) Importer(815301076,1909f56bfc062723c751e8b465ee728b)  -> (artifact id: 'c953842d2dbed5765d889c5bf1efd900') in 0.079155 seconds 
  Import took 0.088572 seconds .

AssetImportWorkerClient::OnTransportError - code=2 error=End of file
